# JRE version: OpenJDK Runtime Environment 18.9 (11.0.13+8) (build 11.0.13+8)
# Java VM: OpenJDK 64-Bit Server VM 18.9 (11.0.13+8, mixed mode, tiered, compressed oops, g1 gc, windows-amd64)
Heap:
 garbage-first heap   total 501760K, used 295958K [0x00000000e0000000, 0x0000000100000000)
  region size 1024K, 99 young (101376K), 3 survivors (3072K)
 Metaspace       used 163108K, capacity 168306K, committed 168404K, reserved 401408K
  class space    used 19734K, capacity 21696K, committed 21708K, reserved 253952K
GC Heap History (20 events):
Event: 156.458 GC heap before
{Heap before GC invocations=256 (full 0):
 garbage-first heap   total 496640K, used 429446K [0x00000000e0000000, 0x0000000100000000)
  region size 1024K, 41 young (41984K), 6 survivors (6144K)
 Metaspace       used 156864K, capacity 161662K, committed 161748K, reserved 395264K
  class space    used 19078K, capacity 20866K, committed 20940K, reserved 253952K
}
Event: 156.466 GC heap after
{Heap after GC invocations=257 (full 0):
 garbage-first heap   total 496640K, used 395623K [0x00000000e0000000, 0x0000000100000000)
  region size 1024K, 2 young (2048K), 2 survivors (2048K)
 Metaspace       used 156864K, capacity 161662K, committed 161748K, reserved 395264K
  class space    used 19078K, capacity 20866K, committed 20940K, reserved 253952K
}
Event: 156.565 GC heap before
{Heap before GC invocations=257 (full 0):
 garbage-first heap   total 496640K, used 417127K [0x00000000e0000000, 0x0000000100000000)
  region size 1024K, 24 young (24576K), 2 survivors (2048K)
 Metaspace       used 156893K, capacity 161664K, committed 161748K, reserved 395264K
  class space    used 19081K, capacity 20866K, committed 20940K, reserved 253952K
}
Event: 156.589 GC heap after
{Heap after GC invocations=258 (full 0):
 garbage-first heap   total 496640K, used 364708K [0x00000000e0000000, 0x0000000100000000)
  region size 1024K, 3 young (3072K), 3 survivors (3072K)
 Metaspace       used 156893K, capacity 161664K, committed 161748K, reserved 395264K
  class space    used 19081K, capacity 20866K, committed 20940K, reserved 253952K
}
Event: 156.589 GC heap before
{Heap before GC invocations=258 (full 0):
 garbage-first heap   total 496640K, used 364708K [0x00000000e0000000, 0x0000000100000000)
  region size 1024K, 4 young (4096K), 3 survivors (3072K)
 Metaspace       used 156893K, capacity 161664K, committed 161748K, reserved 395264K
  class space    used 19081K, capacity 20866K, committed 20940K, reserved 253952K
}
Event: 156.599 GC heap after
{Heap after GC invocations=259 (full 0):
 garbage-first heap   total 496640K, used 365370K [0x00000000e0000000, 0x0000000100000000)
  region size 1024K, 4 young (4096K), 4 survivors (4096K)
 Metaspace       used 156893K, capacity 161664K, committed 161748K, reserved 395264K
  class space    used 19081K, capacity 20866K, committed 20940K, reserved 253952K
}
Event: 156.973 GC heap before
{Heap before GC invocations=259 (full 0):
 garbage-first heap   total 496640K, used 431930K [0x00000000e0000000, 0x0000000100000000)
  region size 1024K, 47 young (48128K), 4 survivors (4096K)
 Metaspace       used 156940K, capacity 161670K, committed 161748K, reserved 395264K
  class space    used 19087K, capacity 20868K, committed 20940K, reserved 253952K
}
Event: 156.979 GC heap after
{Heap after GC invocations=260 (full 0):
 garbage-first heap   total 501760K, used 384500K [0x00000000e0000000, 0x0000000100000000)
  region size 1024K, 4 young (4096K), 4 survivors (4096K)
 Metaspace       used 156940K, capacity 161670K, committed 161748K, reserved 395264K
  class space    used 19087K, capacity 20868K, committed 20940K, reserved 253952K
}
Event: 157.558 GC heap before
{Heap before GC invocations=261 (full 0):
 garbage-first heap   total 501760K, used 421364K [0x00000000e0000000, 0x0000000100000000)
  region size 1024K, 44 young (45056K), 4 survivors (4096K)
 Metaspace       used 156954K, capacity 161682K, committed 162004K, reserved 395264K
  class space    used 19076K, capacity 20847K, committed 20940K, reserved 253952K
}
Event: 157.568 GC heap after
{Heap after GC invocations=262 (full 0):
 garbage-first heap   total 501760K, used 387046K [0x00000000e0000000, 0x0000000100000000)
  region size 1024K, 6 young (6144K), 6 survivors (6144K)
 Metaspace       used 156954K, capacity 161682K, committed 162004K, reserved 395264K
  class space    used 19076K, capacity 20847K, committed 20940K, reserved 253952K
}
Event: 159.072 GC heap before
{Heap before GC invocations=262 (full 0):
 garbage-first heap   total 501760K, used 405478K [0x00000000e0000000, 0x0000000100000000)
  region size 1024K, 24 young (24576K), 6 survivors (6144K)
 Metaspace       used 156970K, capacity 161684K, committed 162004K, reserved 395264K
  class space    used 19076K, capacity 20847K, committed 20940K, reserved 253952K
}
Event: 159.087 GC heap after
{Heap after GC invocations=263 (full 0):
 garbage-first heap   total 501760K, used 318059K [0x00000000e0000000, 0x0000000100000000)
  region size 1024K, 2 young (2048K), 2 survivors (2048K)
 Metaspace       used 156970K, capacity 161684K, committed 162004K, reserved 395264K
  class space    used 19076K, capacity 20847K, committed 20940K, reserved 253952K
}
Event: 163.144 GC heap before
{Heap before GC invocations=263 (full 0):
 garbage-first heap   total 501760K, used 367211K [0x00000000e0000000, 0x0000000100000000)
  region size 1024K, 52 young (53248K), 2 survivors (2048K)
 Metaspace       used 157774K, capacity 162582K, committed 162900K, reserved 397312K
  class space    used 19184K, capacity 20991K, committed 21068K, reserved 253952K
}
Event: 163.151 GC heap after
{Heap after GC invocations=264 (full 0):
 garbage-first heap   total 501760K, used 319649K [0x00000000e0000000, 0x0000000100000000)
  region size 1024K, 3 young (3072K), 3 survivors (3072K)
 Metaspace       used 157774K, capacity 162582K, committed 162900K, reserved 397312K
  class space    used 19184K, capacity 20991K, committed 21068K, reserved 253952K
}
Event: 652.442 GC heap before
{Heap before GC invocations=265 (full 0):
 garbage-first heap   total 501760K, used 481441K [0x00000000e0000000, 0x0000000100000000)
  region size 1024K, 72 young (73728K), 3 survivors (3072K)
 Metaspace       used 162332K, capacity 167373K, committed 167508K, reserved 401408K
  class space    used 19631K, capacity 21488K, committed 21580K, reserved 253952K
}
Event: 652.557 GC heap after
{Heap after GC invocations=266 (full 0):
 garbage-first heap   total 501760K, used 263740K [0x00000000e0000000, 0x0000000100000000)
  region size 1024K, 5 young (5120K), 5 survivors (5120K)
 Metaspace       used 162332K, capacity 167373K, committed 167508K, reserved 401408K
  class space    used 19631K, capacity 21488K, committed 21580K, reserved 253952K
}
Event: 665.756 GC heap before
{Heap before GC invocations=266 (full 0):
 garbage-first heap   total 501760K, used 282172K [0x00000000e0000000, 0x0000000100000000)
  region size 1024K, 24 young (24576K), 5 survivors (5120K)
 Metaspace       used 163010K, capacity 168178K, committed 168404K, reserved 401408K
  class space    used 19734K, capacity 21696K, committed 21708K, reserved 253952K
}
Event: 665.814 GC heap after
{Heap after GC invocations=267 (full 0):
 garbage-first heap   total 501760K, used 217822K [0x00000000e0000000, 0x0000000100000000)
  region size 1024K, 3 young (3072K), 3 survivors (3072K)
 Metaspace       used 163010K, capacity 168178K, committed 168404K, reserved 401408K
  class space    used 19734K, capacity 21696K, committed 21708K, reserved 253952K
}
Event: 665.926 GC heap before
{Heap before GC invocations=267 (full 0):
 garbage-first heap   total 501760K, used 239326K [0x00000000e0000000, 0x0000000100000000)
  region size 1024K, 24 young (24576K), 3 survivors (3072K)
 Metaspace       used 163060K, capacity 168242K, committed 168404K, reserved 401408K
  class space    used 19734K, capacity 21696K, committed 21708K, reserved 253952K
}
Event: 666.014 GC heap after
{Heap after GC invocations=268 (full 0):
 garbage-first heap   total 501760K, used 198678K [0x00000000e0000000, 0x0000000100000000)
  region size 1024K, 3 young (3072K), 3 survivors (3072K)
 Metaspace       used 163060K, capacity 168242K, committed 168404K, reserved 401408K
  class space    used 19734K, capacity 21696K, committed 21708K, reserved 253952K
}

